{
  "numTotalTestSuites": 260,
  "numPassedTestSuites": 219,
  "numFailedTestSuites": 41,
  "numPendingTestSuites": 0,
  "numTotalTests": 651,
  "numPassedTests": 601,
  "numFailedTests": 50,
  "numPendingTests": 0,
  "numTodoTests": 0,
  "snapshot": {
    "added": 0,
    "failure": false,
    "filesAdded": 0,
    "filesRemoved": 0,
    "filesRemovedList": [],
    "filesUnmatched": 1,
    "filesUpdated": 0,
    "matched": 11,
    "total": 13,
    "unchecked": 1,
    "uncheckedKeysByFile": [
      {
        "filePath": "/home/ingmar/desenvolvimento/tailwind/css-windify/packages/core/tests/approximation.test.ts",
        "keys": [
          "Approximation Mode Tests > should demonstrate approximation with different settings 1"
        ]
      }
    ],
    "unmatched": 2,
    "updated": 0,
    "didUpdate": false
  },
  "startTime": 1762294601170,
  "success": false,
  "testResults": [
    {
      "assertionResults": [
        {
          "ancestorTitles": ["Tailwindify", "Class methods"],
          "fullName": "Tailwindify Class methods should process a CSS rule with default options",
          "status": "passed",
          "title": "should process a CSS rule with default options",
          "duration": 2.557364000000007,
          "failureMessages": [],
          "meta": {}
        },
        {
          "ancestorTitles": ["Tailwindify", "Class methods"],
          "fullName": "Tailwindify Class methods should process a CSS rule with custom prefix",
          "status": "passed",
          "title": "should process a CSS rule with custom prefix",
          "duration": 0.3601069999999993,
          "failureMessages": [],
          "meta": {}
        },
        {
          "ancestorTitles": ["Tailwindify", "Class methods"],
          "fullName": "Tailwindify Class methods should process CSS declarations with default options",
          "status": "passed",
          "title": "should process CSS declarations with default options",
          "duration": 0.46446699999998486,
          "failureMessages": [],
          "meta": {}
        },
        {
          "ancestorTitles": ["Tailwindify", "Class methods"],
          "fullName": "Tailwindify Class methods should process CSS declarations with custom prefix",
          "status": "passed",
          "title": "should process CSS declarations with custom prefix",
          "duration": 0.3597000000000037,
          "failureMessages": [],
          "meta": {}
        },
        {
          "ancestorTitles": ["Tailwindify", "Integration"],
          "fullName": "Tailwindify Integration should transform a simple CSS rule to Tailwind classes",
          "status": "passed",
          "title": "should transform a simple CSS rule to Tailwind classes",
          "duration": 0.27167999999997505,
          "failureMessages": [],
          "meta": {}
        }
      ],
      "startTime": 1762294602337,
      "endTime": 1762294602341.3596,
      "status": "passed",
      "message": "",
      "name": "/home/ingmar/desenvolvimento/tailwind/css-windify/packages/core/src/index.test.ts"
    },
    {
      "assertionResults": [
        {
          "ancestorTitles": ["Approximation Mode Tests"],
          "fullName": "Approximation Mode Tests should use arbitrary values in strict mode and approximate in approximate mode",
          "status": "passed",
          "title": "should use arbitrary values in strict mode and approximate in approximate mode",
          "duration": 16.93049099999996,
          "failureMessages": [],
          "meta": {}
        },
        {
          "ancestorTitles": ["Approximation Mode Tests"],
          "fullName": "Approximation Mode Tests should demonstrate approximation with different settings",
          "status": "failed",
          "title": "should demonstrate approximation with different settings",
          "duration": 8.946460000000002,
          "failureMessages": [
            "AssertionError: expected false to be true // Object.is equality\n    at /home/ingmar/desenvolvimento/tailwind/css-windify/packages/core/tests/approximation.test.ts:161:63\n    at file:///home/ingmar/desenvolvimento/tailwind/css-windify/node_modules/.pnpm/@vitest+runner@4.0.7/node_modules/@vitest/runner/dist/index.js:753:20"
          ],
          "meta": {}
        }
      ],
      "startTime": 1762294601971,
      "endTime": 1762294601996.9465,
      "status": "failed",
      "message": "",
      "name": "/home/ingmar/desenvolvimento/tailwind/css-windify/packages/core/tests/approximation.test.ts"
    },
    {
      "assertionResults": [
        {
          "ancestorTitles": ["CSS to Tailwind Integration Tests", "Button Component"],
          "fullName": "CSS to Tailwind Integration Tests Button Component should transform button CSS with strict mode",
          "status": "passed",
          "title": "should transform button CSS with strict mode",
          "duration": 62.92790200000002,
          "failureMessages": [],
          "meta": {}
        },
        {
          "ancestorTitles": ["CSS to Tailwind Integration Tests", "Button Component"],
          "fullName": "CSS to Tailwind Integration Tests Button Component should transform button CSS with approximate mode",
          "status": "passed",
          "title": "should transform button CSS with approximate mode",
          "duration": 19.857988999999975,
          "failureMessages": [],
          "meta": {}
        },
        {
          "ancestorTitles": ["CSS to Tailwind Integration Tests", "Card Component"],
          "fullName": "CSS to Tailwind Integration Tests Card Component should transform card CSS with strict mode",
          "status": "passed",
          "title": "should transform card CSS with strict mode",
          "duration": 15.60332500000004,
          "failureMessages": [],
          "meta": {}
        },
        {
          "ancestorTitles": ["CSS to Tailwind Integration Tests", "Card Component"],
          "fullName": "CSS to Tailwind Integration Tests Card Component should transform card CSS with approximate mode",
          "status": "passed",
          "title": "should transform card CSS with approximate mode",
          "duration": 14.514946000000009,
          "failureMessages": [],
          "meta": {}
        },
        {
          "ancestorTitles": ["CSS to Tailwind Integration Tests", "Grid Component"],
          "fullName": "CSS to Tailwind Integration Tests Grid Component should transform grid CSS with strict mode",
          "status": "failed",
          "title": "should transform grid CSS with strict mode",
          "duration": 18.534041000000002,
          "failureMessages": [
            "Error: Snapshot `CSS to Tailwind Integration Tests > Grid Component > should transform grid CSS with strict mode 1` mismatched\n    at createMismatchError (file:///home/ingmar/desenvolvimento/tailwind/css-windify/node_modules/.pnpm/@vitest+snapshot@4.0.7/node_modules/@vitest/snapshot/dist/index.js:1327:16)\n    at SnapshotClient.assert (file:///home/ingmar/desenvolvimento/tailwind/css-windify/node_modules/.pnpm/@vitest+snapshot@4.0.7/node_modules/@vitest/snapshot/dist/index.js:1411:10)\n    at Proxy.<anonymous> (file:///home/ingmar/desenvolvimento/tailwind/css-windify/node_modules/.pnpm/vitest@4.0.7_@types+node@24.10.0_@vitest+ui@4.0.7_jiti@2.6.1_jsdom@23.2.0_lightningcss@1.30.2_tsx@4.20.6_yaml@2.8.1/node_modules/vitest/dist/chunks/vi.BZvkKVkM.js:172:23)\n    at Proxy.methodWrapper (file:///home/ingmar/desenvolvimento/tailwind/css-windify/node_modules/.pnpm/chai@6.2.0/node_modules/chai/index.js:1701:25)\n    at /home/ingmar/desenvolvimento/tailwind/css-windify/packages/core/tests/integration.test.ts:124:23\n    at file:///home/ingmar/desenvolvimento/tailwind/css-windify/node_modules/.pnpm/@vitest+runner@4.0.7/node_modules/@vitest/runner/dist/index.js:753:20"
          ],
          "meta": {}
        },
        {
          "ancestorTitles": ["CSS to Tailwind Integration Tests", "Grid Component"],
          "fullName": "CSS to Tailwind Integration Tests Grid Component should transform grid CSS with approximate mode",
          "status": "failed",
          "title": "should transform grid CSS with approximate mode",
          "duration": 15.575443999999948,
          "failureMessages": [
            "Error: Snapshot `CSS to Tailwind Integration Tests > Grid Component > should transform grid CSS with approximate mode 1` mismatched\n    at createMismatchError (file:///home/ingmar/desenvolvimento/tailwind/css-windify/node_modules/.pnpm/@vitest+snapshot@4.0.7/node_modules/@vitest/snapshot/dist/index.js:1327:16)\n    at SnapshotClient.assert (file:///home/ingmar/desenvolvimento/tailwind/css-windify/node_modules/.pnpm/@vitest+snapshot@4.0.7/node_modules/@vitest/snapshot/dist/index.js:1411:10)\n    at Proxy.<anonymous> (file:///home/ingmar/desenvolvimento/tailwind/css-windify/node_modules/.pnpm/vitest@4.0.7_@types+node@24.10.0_@vitest+ui@4.0.7_jiti@2.6.1_jsdom@23.2.0_lightningcss@1.30.2_tsx@4.20.6_yaml@2.8.1/node_modules/vitest/dist/chunks/vi.BZvkKVkM.js:172:23)\n    at Proxy.methodWrapper (file:///home/ingmar/desenvolvimento/tailwind/css-windify/node_modules/.pnpm/chai@6.2.0/node_modules/chai/index.js:1701:25)\n    at /home/ingmar/desenvolvimento/tailwind/css-windify/packages/core/tests/integration.test.ts:143:23\n    at file:///home/ingmar/desenvolvimento/tailwind/css-windify/node_modules/.pnpm/@vitest+runner@4.0.7/node_modules/@vitest/runner/dist/index.js:753:20"
          ],
          "meta": {}
        },
        {
          "ancestorTitles": ["CSS to Tailwind Integration Tests", "Coverage Comparison"],
          "fullName": "CSS to Tailwind Integration Tests Coverage Comparison should compare coverage between strict and approximate modes",
          "status": "passed",
          "title": "should compare coverage between strict and approximate modes",
          "duration": 9.23052000000007,
          "failureMessages": [],
          "meta": {}
        }
      ],
      "startTime": 1762294601972,
      "endTime": 1762294602130.2305,
      "status": "failed",
      "message": "",
      "name": "/home/ingmar/desenvolvimento/tailwind/css-windify/packages/core/tests/integration.test.ts"
    },
    {
      "assertionResults": [
        {
          "ancestorTitles": ["resolvers integration tests", "resolvers with loaded tokens"],
          "fullName": "resolvers integration tests resolvers with loaded tokens should resolve spacing tokens from CSS variables",
          "status": "passed",
          "title": "should resolve spacing tokens from CSS variables",
          "duration": 6.333235999999999,
          "failureMessages": [],
          "meta": {}
        },
        {
          "ancestorTitles": ["resolvers integration tests", "resolvers with loaded tokens"],
          "fullName": "resolvers integration tests resolvers with loaded tokens should resolve approximate spacing with warning",
          "status": "passed",
          "title": "should resolve approximate spacing with warning",
          "duration": 1.1517030000000545,
          "failureMessages": [],
          "meta": {}
        },
        {
          "ancestorTitles": ["resolvers integration tests", "resolvers with loaded tokens"],
          "fullName": "resolvers integration tests resolvers with loaded tokens should resolve color tokens from CSS variables",
          "status": "passed",
          "title": "should resolve color tokens from CSS variables",
          "duration": 0.8553929999999923,
          "failureMessages": [],
          "meta": {}
        },
        {
          "ancestorTitles": ["resolvers integration tests", "resolvers with loaded tokens"],
          "fullName": "resolvers integration tests resolvers with loaded tokens should resolve font size tokens from CSS variables",
          "status": "passed",
          "title": "should resolve font size tokens from CSS variables",
          "duration": 1.1353960000000143,
          "failureMessages": [],
          "meta": {}
        },
        {
          "ancestorTitles": ["resolvers integration tests", "resolvers with loaded tokens"],
          "fullName": "resolvers integration tests resolvers with loaded tokens should resolve line height tokens from CSS variables",
          "status": "passed",
          "title": "should resolve line height tokens from CSS variables",
          "duration": 0.8055889999999977,
          "failureMessages": [],
          "meta": {}
        },
        {
          "ancestorTitles": ["resolvers integration tests", "resolvers with loaded tokens"],
          "fullName": "resolvers integration tests resolvers with loaded tokens should emit token-miss warning in strict mode",
          "status": "passed",
          "title": "should emit token-miss warning in strict mode",
          "duration": 0.40561700000000656,
          "failureMessages": [],
          "meta": {}
        },
        {
          "ancestorTitles": ["resolvers integration tests", "resolvers with v3 fallback"],
          "fullName": "resolvers integration tests resolvers with v3 fallback should fall back to v3 theme with warning",
          "status": "passed",
          "title": "should fall back to v3 theme with warning",
          "duration": 0.3500270000000114,
          "failureMessages": [],
          "meta": {}
        },
        {
          "ancestorTitles": ["resolvers integration tests", "resolvers with v3 fallback"],
          "fullName": "resolvers integration tests resolvers with v3 fallback should fall back to v3 theme for colors with warning",
          "status": "passed",
          "title": "should fall back to v3 theme for colors with warning",
          "duration": 0.24641100000002325,
          "failureMessages": [],
          "meta": {}
        }
      ],
      "startTime": 1762294602179,
      "endTime": 1762294602190.35,
      "status": "passed",
      "message": "",
      "name": "/home/ingmar/desenvolvimento/tailwind/css-windify/packages/core/tests/resolvers.integration.test.ts"
    },
    {
      "assertionResults": [
        {
          "ancestorTitles": ["tokensLoader integration tests", "loadTokens with real CSS file"],
          "fullName": "tokensLoader integration tests loadTokens with real CSS file should load tokens from the CSS file",
          "status": "passed",
          "title": "should load tokens from the CSS file",
          "duration": 3.1762720000000115,
          "failureMessages": [],
          "meta": {}
        },
        {
          "ancestorTitles": [
            "tokensLoader integration tests",
            "detectTailwindVersion with real CSS file"
          ],
          "fullName": "tokensLoader integration tests detectTailwindVersion with real CSS file should detect v4 when CSS tokens are present",
          "status": "passed",
          "title": "should detect v4 when CSS tokens are present",
          "duration": 0.32374099999998407,
          "failureMessages": [],
          "meta": {}
        },
        {
          "ancestorTitles": [
            "tokensLoader integration tests",
            "detectTailwindVersion with real CSS file"
          ],
          "fullName": "tokensLoader integration tests detectTailwindVersion with real CSS file should detect v3 when CSS tokens are not present",
          "status": "passed",
          "title": "should detect v3 when CSS tokens are not present",
          "duration": 0.24902499999998895,
          "failureMessages": [],
          "meta": {}
        },
        {
          "ancestorTitles": [
            "tokensLoader integration tests",
            "detectTailwindVersion with real CSS file"
          ],
          "fullName": "tokensLoader integration tests detectTailwindVersion with real CSS file should respect explicit version setting",
          "status": "passed",
          "title": "should respect explicit version setting",
          "duration": 0.20001999999999498,
          "failureMessages": [],
          "meta": {}
        }
      ],
      "startTime": 1762294602306,
      "endTime": 1762294602310.3237,
      "status": "passed",
      "message": "",
      "name": "/home/ingmar/desenvolvimento/tailwind/css-windify/packages/core/tests/tokensLoader.integration.test.ts"
    },
    {
      "assertionResults": [
        {
          "ancestorTitles": ["v3/v4 Parity Tests", "Version Detection"],
          "fullName": "v3/v4 Parity Tests Version Detection should detect v3 when using config-based theme",
          "status": "passed",
          "title": "should detect v3 when using config-based theme",
          "duration": 29.567111000000068,
          "failureMessages": [],
          "meta": {}
        },
        {
          "ancestorTitles": ["v3/v4 Parity Tests", "Version Detection"],
          "fullName": "v3/v4 Parity Tests Version Detection should detect v4 when tokens are available",
          "status": "passed",
          "title": "should detect v4 when tokens are available",
          "duration": 1.974704000000088,
          "failureMessages": [],
          "meta": {}
        },
        {
          "ancestorTitles": ["v3/v4 Parity Tests", "Coverage Parity"],
          "fullName": "v3/v4 Parity Tests Coverage Parity should produce similar coverage between v3 and v4 in strict mode",
          "status": "passed",
          "title": "should produce similar coverage between v3 and v4 in strict mode",
          "duration": 3.572251999999935,
          "failureMessages": [],
          "meta": {}
        },
        {
          "ancestorTitles": ["v3/v4 Parity Tests", "Coverage Parity"],
          "fullName": "v3/v4 Parity Tests Coverage Parity should produce similar coverage with approximation enabled",
          "status": "passed",
          "title": "should produce similar coverage with approximation enabled",
          "duration": 3.4751169999999547,
          "failureMessages": [],
          "meta": {}
        },
        {
          "ancestorTitles": ["v3/v4 Parity Tests", "Class Generation Parity"],
          "fullName": "v3/v4 Parity Tests Class Generation Parity should generate equivalent classes for standard values",
          "status": "passed",
          "title": "should generate equivalent classes for standard values",
          "duration": 4.132349999999974,
          "failureMessages": [],
          "meta": {}
        },
        {
          "ancestorTitles": ["v3/v4 Parity Tests", "Class Generation Parity"],
          "fullName": "v3/v4 Parity Tests Class Generation Parity should handle arbitrary values consistently",
          "status": "passed",
          "title": "should handle arbitrary values consistently",
          "duration": 4.432219000000032,
          "failureMessages": [],
          "meta": {}
        },
        {
          "ancestorTitles": ["v3/v4 Parity Tests", "Warning Categories"],
          "fullName": "v3/v4 Parity Tests Warning Categories should include appropriate warning categories for v3",
          "status": "passed",
          "title": "should include appropriate warning categories for v3",
          "duration": 2.5514670000000024,
          "failureMessages": [],
          "meta": {}
        },
        {
          "ancestorTitles": ["v3/v4 Parity Tests", "Warning Categories"],
          "fullName": "v3/v4 Parity Tests Warning Categories should categorize warnings correctly",
          "status": "passed",
          "title": "should categorize warnings correctly",
          "duration": 3.252732999999921,
          "failureMessages": [],
          "meta": {}
        },
        {
          "ancestorTitles": ["v3/v4 Parity Tests", "Approximation Behavior"],
          "fullName": "v3/v4 Parity Tests Approximation Behavior should produce approximate warnings when values are within threshold",
          "status": "passed",
          "title": "should produce approximate warnings when values are within threshold",
          "duration": 3.0404309999998986,
          "failureMessages": [],
          "meta": {}
        },
        {
          "ancestorTitles": ["v3/v4 Parity Tests", "Approximation Behavior"],
          "fullName": "v3/v4 Parity Tests Approximation Behavior should respect threshold limits",
          "status": "passed",
          "title": "should respect threshold limits",
          "duration": 4.532362000000035,
          "failureMessages": [],
          "meta": {}
        },
        {
          "ancestorTitles": ["v3/v4 Parity Tests", "Category Coverage"],
          "fullName": "v3/v4 Parity Tests Category Coverage should track coverage by category",
          "status": "passed",
          "title": "should track coverage by category",
          "duration": 3.261306999999988,
          "failureMessages": [],
          "meta": {}
        }
      ],
      "startTime": 1762294601828,
      "endTime": 1762294601893.2612,
      "status": "passed",
      "message": "",
      "name": "/home/ingmar/desenvolvimento/tailwind/css-windify/packages/core/tests/v3-v4-parity.test.ts"
    },
    {
      "assertionResults": [
        {
          "ancestorTitles": ["Class ordering", "getClassGroup"],
          "fullName": "Class ordering getClassGroup should correctly identify layout classes",
          "status": "passed",
          "title": "should correctly identify layout classes",
          "duration": 4.058634000000097,
          "failureMessages": [],
          "meta": {}
        },
        {
          "ancestorTitles": ["Class ordering", "getClassGroup"],
          "fullName": "Class ordering getClassGroup should correctly identify flex-grid classes",
          "status": "passed",
          "title": "should correctly identify flex-grid classes",
          "duration": 0.8778009999999767,
          "failureMessages": [],
          "meta": {}
        },
        {
          "ancestorTitles": ["Class ordering", "getClassGroup"],
          "fullName": "Class ordering getClassGroup should correctly identify sizing classes",
          "status": "passed",
          "title": "should correctly identify sizing classes",
          "duration": 1.1668160000000398,
          "failureMessages": [],
          "meta": {}
        },
        {
          "ancestorTitles": ["Class ordering", "getClassGroup"],
          "fullName": "Class ordering getClassGroup should correctly identify spacing classes",
          "status": "passed",
          "title": "should correctly identify spacing classes",
          "duration": 1.6195779999999331,
          "failureMessages": [],
          "meta": {}
        },
        {
          "ancestorTitles": ["Class ordering", "getClassGroup"],
          "fullName": "Class ordering getClassGroup should correctly identify typography classes",
          "status": "passed",
          "title": "should correctly identify typography classes",
          "duration": 0.6327049999999872,
          "failureMessages": [],
          "meta": {}
        },
        {
          "ancestorTitles": ["Class ordering", "getClassGroup"],
          "fullName": "Class ordering getClassGroup should correctly identify background classes",
          "status": "passed",
          "title": "should correctly identify background classes",
          "duration": 0.569313999999963,
          "failureMessages": [],
          "meta": {}
        },
        {
          "ancestorTitles": ["Class ordering", "getClassGroup"],
          "fullName": "Class ordering getClassGroup should correctly identify border classes",
          "status": "passed",
          "title": "should correctly identify border classes",
          "duration": 0.4588209999999435,
          "failureMessages": [],
          "meta": {}
        },
        {
          "ancestorTitles": ["Class ordering", "getClassGroup"],
          "fullName": "Class ordering getClassGroup should correctly identify effects classes",
          "status": "passed",
          "title": "should correctly identify effects classes",
          "duration": 2.0786620000000084,
          "failureMessages": [],
          "meta": {}
        },
        {
          "ancestorTitles": ["Class ordering", "getClassGroup"],
          "fullName": "Class ordering getClassGroup should classify unknown classes as misc",
          "status": "passed",
          "title": "should classify unknown classes as misc",
          "duration": 0.5668600000000197,
          "failureMessages": [],
          "meta": {}
        },
        {
          "ancestorTitles": ["Class ordering", "getClassGroup"],
          "fullName": "Class ordering getClassGroup should handle variant prefixes correctly",
          "status": "passed",
          "title": "should handle variant prefixes correctly",
          "duration": 0.2604509999999891,
          "failureMessages": [],
          "meta": {}
        },
        {
          "ancestorTitles": ["Class ordering", "sortClasses"],
          "fullName": "Class ordering sortClasses should sort classes by group order",
          "status": "passed",
          "title": "should sort classes by group order",
          "duration": 0.47218099999997776,
          "failureMessages": [],
          "meta": {}
        },
        {
          "ancestorTitles": ["Class ordering", "sortClasses"],
          "fullName": "Class ordering sortClasses should sort classes with variants correctly",
          "status": "passed",
          "title": "should sort classes with variants correctly",
          "duration": 1.0231129999999666,
          "failureMessages": [],
          "meta": {}
        },
        {
          "ancestorTitles": ["Class ordering", "sortClasses"],
          "fullName": "Class ordering sortClasses should sort complex variant combinations correctly",
          "status": "passed",
          "title": "should sort complex variant combinations correctly",
          "duration": 1.1850519999999278,
          "failureMessages": [],
          "meta": {}
        },
        {
          "ancestorTitles": ["Class ordering", "sortClasses"],
          "fullName": "Class ordering sortClasses should deduplicate classes while preserving order",
          "status": "passed",
          "title": "should deduplicate classes while preserving order",
          "duration": 0.33023000000002867,
          "failureMessages": [],
          "meta": {}
        },
        {
          "ancestorTitles": ["Class ordering", "sortClasses"],
          "fullName": "Class ordering sortClasses should handle arbitrary values correctly",
          "status": "passed",
          "title": "should handle arbitrary values correctly",
          "duration": 8.998310999999944,
          "failureMessages": [],
          "meta": {}
        },
        {
          "ancestorTitles": ["Class ordering", "sortClasses"],
          "fullName": "Class ordering sortClasses should sort a complex real-world example correctly and deterministically",
          "status": "passed",
          "title": "should sort a complex real-world example correctly and deterministically",
          "duration": 1.346112000000062,
          "failureMessages": [],
          "meta": {}
        },
        {
          "ancestorTitles": ["Class ordering", "sortClasses"],
          "fullName": "Class ordering sortClasses should sort new pseudo-class variants correctly",
          "status": "passed",
          "title": "should sort new pseudo-class variants correctly",
          "duration": 0.7059789999999566,
          "failureMessages": [],
          "meta": {}
        },
        {
          "ancestorTitles": ["Class ordering", "sortClasses"],
          "fullName": "Class ordering sortClasses should sort group and peer variants correctly",
          "status": "passed",
          "title": "should sort group and peer variants correctly",
          "duration": 0.42859200000009423,
          "failureMessages": [],
          "meta": {}
        },
        {
          "ancestorTitles": ["Class ordering", "sortClasses"],
          "fullName": "Class ordering sortClasses should sort responsive variants before other variants",
          "status": "passed",
          "title": "should sort responsive variants before other variants",
          "duration": 0.3895310000000336,
          "failureMessages": [],
          "meta": {}
        },
        {
          "ancestorTitles": ["Class ordering", "sortClasses"],
          "fullName": "Class ordering sortClasses should handle complex variant chaining correctly",
          "status": "passed",
          "title": "should handle complex variant chaining correctly",
          "duration": 0.4365490000000136,
          "failureMessages": [],
          "meta": {}
        },
        {
          "ancestorTitles": ["Class ordering", "sortClasses"],
          "fullName": "Class ordering sortClasses should deduplicate repeated variants while preserving intended order",
          "status": "passed",
          "title": "should deduplicate repeated variants while preserving intended order",
          "duration": 0.5764199999999846,
          "failureMessages": [],
          "meta": {}
        }
      ],
      "startTime": 1762294601824,
      "endTime": 1762294601852.5764,
      "status": "passed",
      "message": "",
      "name": "/home/ingmar/desenvolvimento/tailwind/css-windify/packages/core/src/core/classOrdering.test.ts"
    },
    {
      "assertionResults": [
        {
          "ancestorTitles": ["cssTransformer", "transformCssText"],
          "fullName": "cssTransformer transformCssText should transform CSS text into Tailwind classes by selector",
          "status": "passed",
          "title": "should transform CSS text into Tailwind classes by selector",
          "duration": 29.74588799999998,
          "failureMessages": [],
          "meta": {}
        },
        {
          "ancestorTitles": ["cssTransformer", "transformCssText"],
          "fullName": "cssTransformer transformCssText should handle empty CSS text",
          "status": "passed",
          "title": "should handle empty CSS text",
          "duration": 0.5514610000000175,
          "failureMessages": [],
          "meta": {}
        }
      ],
      "startTime": 1762294602042,
      "endTime": 1762294602072.5515,
      "status": "passed",
      "message": "",
      "name": "/home/ingmar/desenvolvimento/tailwind/css-windify/packages/core/src/core/cssTransformer.test.ts"
    },
    {
      "assertionResults": [
        {
          "ancestorTitles": ["normalizers", "normalizeValue"],
          "fullName": "normalizers normalizeValue should trim whitespace",
          "status": "passed",
          "title": "should trim whitespace",
          "duration": 1.8298540000000116,
          "failureMessages": [],
          "meta": {}
        },
        {
          "ancestorTitles": ["normalizers", "normalizeValue"],
          "fullName": "normalizers normalizeValue should convert to lowercase when appropriate",
          "status": "passed",
          "title": "should convert to lowercase when appropriate",
          "duration": 0.2039479999999969,
          "failureMessages": [],
          "meta": {}
        },
        {
          "ancestorTitles": ["normalizers", "normalizeValue"],
          "fullName": "normalizers normalizeValue should preserve case for font names and other case-sensitive values",
          "status": "passed",
          "title": "should preserve case for font names and other case-sensitive values",
          "duration": 0.29420500000000516,
          "failureMessages": [],
          "meta": {}
        },
        {
          "ancestorTitles": ["normalizers", "normalizeValue"],
          "fullName": "normalizers normalizeValue should preserve case for functions and variables",
          "status": "passed",
          "title": "should preserve case for functions and variables",
          "duration": 0.23295500000000402,
          "failureMessages": [],
          "meta": {}
        },
        {
          "ancestorTitles": ["normalizers", "normalizeValue"],
          "fullName": "normalizers normalizeValue should handle empty or invalid inputs",
          "status": "passed",
          "title": "should handle empty or invalid inputs",
          "duration": 0.2983169999999973,
          "failureMessages": [],
          "meta": {}
        },
        {
          "ancestorTitles": ["normalizers", "isPx"],
          "fullName": "normalizers isPx should identify pixel values",
          "status": "passed",
          "title": "should identify pixel values",
          "duration": 0.5391799999999876,
          "failureMessages": [],
          "meta": {}
        },
        {
          "ancestorTitles": ["normalizers", "isPx"],
          "fullName": "normalizers isPx should reject non-pixel values",
          "status": "passed",
          "title": "should reject non-pixel values",
          "duration": 0.3057600000000207,
          "failureMessages": [],
          "meta": {}
        },
        {
          "ancestorTitles": ["normalizers", "isRem"],
          "fullName": "normalizers isRem should identify rem values",
          "status": "passed",
          "title": "should identify rem values",
          "duration": 0.4046299999999974,
          "failureMessages": [],
          "meta": {}
        },
        {
          "ancestorTitles": ["normalizers", "isRem"],
          "fullName": "normalizers isRem should reject non-rem values",
          "status": "passed",
          "title": "should reject non-rem values",
          "duration": 0.24008000000000607,
          "failureMessages": [],
          "meta": {}
        },
        {
          "ancestorTitles": ["normalizers", "isEm"],
          "fullName": "normalizers isEm should identify em values",
          "status": "passed",
          "title": "should identify em values",
          "duration": 0.3477929999999958,
          "failureMessages": [],
          "meta": {}
        },
        {
          "ancestorTitles": ["normalizers", "isEm"],
          "fullName": "normalizers isEm should reject non-em values",
          "status": "passed",
          "title": "should reject non-em values",
          "duration": 0.2295259999999928,
          "failureMessages": [],
          "meta": {}
        },
        {
          "ancestorTitles": ["normalizers", "isPct"],
          "fullName": "normalizers isPct should identify percentage values",
          "status": "passed",
          "title": "should identify percentage values",
          "duration": 0.5143439999999941,
          "failureMessages": [],
          "meta": {}
        },
        {
          "ancestorTitles": ["normalizers", "isPct"],
          "fullName": "normalizers isPct should reject non-percentage values",
          "status": "passed",
          "title": "should reject non-percentage values",
          "duration": 0.5374979999999994,
          "failureMessages": [],
          "meta": {}
        },
        {
          "ancestorTitles": ["normalizers", "isNumber"],
          "fullName": "normalizers isNumber should identify number values",
          "status": "passed",
          "title": "should identify number values",
          "duration": 1.1397130000000004,
          "failureMessages": [],
          "meta": {}
        },
        {
          "ancestorTitles": ["normalizers", "isNumber"],
          "fullName": "normalizers isNumber should reject non-number values",
          "status": "passed",
          "title": "should reject non-number values",
          "duration": 0.35898299999999495,
          "failureMessages": [],
          "meta": {}
        },
        {
          "ancestorTitles": ["normalizers", "toArbitrary"],
          "fullName": "normalizers toArbitrary should format arbitrary values correctly",
          "status": "passed",
          "title": "should format arbitrary values correctly",
          "duration": 0.22469200000000455,
          "failureMessages": [],
          "meta": {}
        },
        {
          "ancestorTitles": ["normalizers", "toArbitrary"],
          "fullName": "normalizers toArbitrary should handle whitespace",
          "status": "passed",
          "title": "should handle whitespace",
          "duration": 0.1118139999999812,
          "failureMessages": [],
          "meta": {}
        },
        {
          "ancestorTitles": ["normalizers", "toArbitrary"],
          "fullName": "normalizers toArbitrary should handle empty inputs",
          "status": "passed",
          "title": "should handle empty inputs",
          "duration": 0.16587100000000987,
          "failureMessages": [],
          "meta": {}
        },
        {
          "ancestorTitles": ["normalizers", "arbitraryProperty"],
          "fullName": "normalizers arbitraryProperty should format arbitrary properties correctly",
          "status": "passed",
          "title": "should format arbitrary properties correctly",
          "duration": 0.21135899999998742,
          "failureMessages": [],
          "meta": {}
        },
        {
          "ancestorTitles": ["normalizers", "arbitraryProperty"],
          "fullName": "normalizers arbitraryProperty should handle whitespace",
          "status": "passed",
          "title": "should handle whitespace",
          "duration": 0.1783269999999959,
          "failureMessages": [],
          "meta": {}
        },
        {
          "ancestorTitles": ["normalizers", "arbitraryProperty"],
          "fullName": "normalizers arbitraryProperty should handle empty inputs",
          "status": "passed",
          "title": "should handle empty inputs",
          "duration": 0.16776300000000788,
          "failureMessages": [],
          "meta": {}
        },
        {
          "ancestorTitles": ["normalizers", "parseBoxShorthand"],
          "fullName": "normalizers parseBoxShorthand should handle single value",
          "status": "passed",
          "title": "should handle single value",
          "duration": 1.1984500000000082,
          "failureMessages": [],
          "meta": {}
        },
        {
          "ancestorTitles": ["normalizers", "parseBoxShorthand"],
          "fullName": "normalizers parseBoxShorthand should handle two values",
          "status": "passed",
          "title": "should handle two values",
          "duration": 0.22498600000000124,
          "failureMessages": [],
          "meta": {}
        },
        {
          "ancestorTitles": ["normalizers", "parseBoxShorthand"],
          "fullName": "normalizers parseBoxShorthand should handle three values",
          "status": "passed",
          "title": "should handle three values",
          "duration": 0.18489199999999073,
          "failureMessages": [],
          "meta": {}
        },
        {
          "ancestorTitles": ["normalizers", "parseBoxShorthand"],
          "fullName": "normalizers parseBoxShorthand should handle four values",
          "status": "passed",
          "title": "should handle four values",
          "duration": 0.19507699999999772,
          "failureMessages": [],
          "meta": {}
        },
        {
          "ancestorTitles": ["normalizers", "parseBoxShorthand"],
          "fullName": "normalizers parseBoxShorthand should handle mixed units",
          "status": "passed",
          "title": "should handle mixed units",
          "duration": 0.1573150000000112,
          "failureMessages": [],
          "meta": {}
        },
        {
          "ancestorTitles": ["normalizers", "parseBoxShorthand"],
          "fullName": "normalizers parseBoxShorthand should handle extra whitespace",
          "status": "passed",
          "title": "should handle extra whitespace",
          "duration": 0.2596029999999985,
          "failureMessages": [],
          "meta": {}
        },
        {
          "ancestorTitles": ["normalizers", "parseBoxShorthand"],
          "fullName": "normalizers parseBoxShorthand should handle empty input",
          "status": "passed",
          "title": "should handle empty input",
          "duration": 0.17799099999999157,
          "failureMessages": [],
          "meta": {}
        },
        {
          "ancestorTitles": ["normalizers", "parseBoxShorthand"],
          "fullName": "normalizers parseBoxShorthand should handle more than four values by ignoring extras",
          "status": "passed",
          "title": "should handle more than four values by ignoring extras",
          "duration": 0.14350799999999708,
          "failureMessages": [],
          "meta": {}
        },
        {
          "ancestorTitles": ["normalizers", "parseColorNormalize"],
          "fullName": "normalizers parseColorNormalize should convert hex shorthand to full form",
          "status": "passed",
          "title": "should convert hex shorthand to full form",
          "duration": 0.2681010000000015,
          "failureMessages": [],
          "meta": {}
        },
        {
          "ancestorTitles": ["normalizers", "parseColorNormalize"],
          "fullName": "normalizers parseColorNormalize should convert hex shorthand with alpha to full form",
          "status": "passed",
          "title": "should convert hex shorthand with alpha to full form",
          "duration": 0.2526320000000055,
          "failureMessages": [],
          "meta": {}
        },
        {
          "ancestorTitles": ["normalizers", "parseColorNormalize"],
          "fullName": "normalizers parseColorNormalize should preserve full hex format",
          "status": "passed",
          "title": "should preserve full hex format",
          "duration": 0.24007199999999784,
          "failureMessages": [],
          "meta": {}
        },
        {
          "ancestorTitles": ["normalizers", "parseColorNormalize"],
          "fullName": "normalizers parseColorNormalize should remove whitespace from functional notation",
          "status": "passed",
          "title": "should remove whitespace from functional notation",
          "duration": 0.2773509999999817,
          "failureMessages": [],
          "meta": {}
        },
        {
          "ancestorTitles": ["normalizers", "parseColorNormalize"],
          "fullName": "normalizers parseColorNormalize should preserve named colors",
          "status": "passed",
          "title": "should preserve named colors",
          "duration": 0.5895220000000165,
          "failureMessages": [],
          "meta": {}
        },
        {
          "ancestorTitles": ["normalizers", "parseColorNormalize"],
          "fullName": "normalizers parseColorNormalize should handle whitespace",
          "status": "passed",
          "title": "should handle whitespace",
          "duration": 1.4181880000000149,
          "failureMessages": [],
          "meta": {}
        },
        {
          "ancestorTitles": ["normalizers", "parseColorNormalize"],
          "fullName": "normalizers parseColorNormalize should handle empty input",
          "status": "passed",
          "title": "should handle empty input",
          "duration": 0.14910799999998403,
          "failureMessages": [],
          "meta": {}
        },
        {
          "ancestorTitles": ["normalizers", "toPx"],
          "fullName": "normalizers toPx should convert px values",
          "status": "passed",
          "title": "should convert px values",
          "duration": 0.2371130000000221,
          "failureMessages": [],
          "meta": {}
        },
        {
          "ancestorTitles": ["normalizers", "toPx"],
          "fullName": "normalizers toPx should convert rem values with default base font size",
          "status": "passed",
          "title": "should convert rem values with default base font size",
          "duration": 0.17091400000001045,
          "failureMessages": [],
          "meta": {}
        },
        {
          "ancestorTitles": ["normalizers", "toPx"],
          "fullName": "normalizers toPx should convert rem values with custom base font size",
          "status": "passed",
          "title": "should convert rem values with custom base font size",
          "duration": 0.17117100000001528,
          "failureMessages": [],
          "meta": {}
        },
        {
          "ancestorTitles": ["normalizers", "toPx"],
          "fullName": "normalizers toPx should convert em values",
          "status": "passed",
          "title": "should convert em values",
          "duration": 0.6606120000000146,
          "failureMessages": [],
          "meta": {}
        },
        {
          "ancestorTitles": ["normalizers", "toPx"],
          "fullName": "normalizers toPx should handle unitless values as pixels",
          "status": "passed",
          "title": "should handle unitless values as pixels",
          "duration": 0.8167369999999892,
          "failureMessages": [],
          "meta": {}
        },
        {
          "ancestorTitles": ["normalizers", "toPx"],
          "fullName": "normalizers toPx should return null for unsupported units",
          "status": "passed",
          "title": "should return null for unsupported units",
          "duration": 0.15789600000002224,
          "failureMessages": [],
          "meta": {}
        },
        {
          "ancestorTitles": ["normalizers", "toPx"],
          "fullName": "normalizers toPx should handle empty or invalid values",
          "status": "passed",
          "title": "should handle empty or invalid values",
          "duration": 0.12091600000002245,
          "failureMessages": [],
          "meta": {}
        },
        {
          "ancestorTitles": ["normalizers", "findNearestToken"],
          "fullName": "normalizers findNearestToken should find exact matches",
          "status": "passed",
          "title": "should find exact matches",
          "duration": 0.38228300000000104,
          "failureMessages": [],
          "meta": {}
        },
        {
          "ancestorTitles": ["normalizers", "findNearestToken"],
          "fullName": "normalizers findNearestToken should find the nearest token",
          "status": "passed",
          "title": "should find the nearest token",
          "duration": 0.32808699999998225,
          "failureMessages": [],
          "meta": {}
        },
        {
          "ancestorTitles": ["normalizers", "findNearestToken"],
          "fullName": "normalizers findNearestToken should handle the acceptance criteria case (15px → 4)",
          "status": "passed",
          "title": "should handle the acceptance criteria case (15px → 4)",
          "duration": 0.20818700000000945,
          "failureMessages": [],
          "meta": {}
        },
        {
          "ancestorTitles": ["normalizers", "findNearestToken"],
          "fullName": "normalizers findNearestToken should work with different units",
          "status": "passed",
          "title": "should work with different units",
          "duration": 0.34245899999999097,
          "failureMessages": [],
          "meta": {}
        },
        {
          "ancestorTitles": ["normalizers", "findNearestToken"],
          "fullName": "normalizers findNearestToken should handle empty or invalid values",
          "status": "passed",
          "title": "should handle empty or invalid values",
          "duration": 0.1951090000000022,
          "failureMessages": [],
          "meta": {}
        }
      ],
      "startTime": 1762294601907,
      "endTime": 1762294601927.3425,
      "status": "passed",
      "message": "",
      "name": "/home/ingmar/desenvolvimento/tailwind/css-windify/packages/core/src/core/normalizers.test.ts"
    },
    {
      "assertionResults": [
        {
          "ancestorTitles": ["reporter", "calculateCoverage"],
          "fullName": "reporter calculateCoverage should calculate coverage correctly",
          "status": "passed",
          "title": "should calculate coverage correctly",
          "duration": 2.8065240000000244,
          "failureMessages": [],
          "meta": {}
        },
        {
          "ancestorTitles": ["reporter", "calculateCoverage"],
          "fullName": "reporter calculateCoverage should handle zero total case",
          "status": "passed",
          "title": "should handle zero total case",
          "duration": 0.29268299999995406,
          "failureMessages": [],
          "meta": {}
        },
        {
          "ancestorTitles": ["reporter", "calculateCoverage"],
          "fullName": "reporter calculateCoverage should include category statistics when provided",
          "status": "passed",
          "title": "should include category statistics when provided",
          "duration": 0.40496000000001686,
          "failureMessages": [],
          "meta": {}
        },
        {
          "ancestorTitles": ["reporter", "aggregateWarnings"],
          "fullName": "reporter aggregateWarnings should deduplicate warnings",
          "status": "passed",
          "title": "should deduplicate warnings",
          "duration": 3.2488910000000146,
          "failureMessages": [],
          "meta": {}
        },
        {
          "ancestorTitles": ["reporter", "aggregateWarnings"],
          "fullName": "reporter aggregateWarnings should categorize warnings correctly",
          "status": "passed",
          "title": "should categorize warnings correctly",
          "duration": 0.27886399999999867,
          "failureMessages": [],
          "meta": {}
        },
        {
          "ancestorTitles": ["reporter", "countNonArbitraryClasses"],
          "fullName": "reporter countNonArbitraryClasses should count classes without arbitrary values",
          "status": "passed",
          "title": "should count classes without arbitrary values",
          "duration": 0.18786999999997533,
          "failureMessages": [],
          "meta": {}
        },
        {
          "ancestorTitles": ["reporter", "countNonArbitraryClasses"],
          "fullName": "reporter countNonArbitraryClasses should handle empty array",
          "status": "passed",
          "title": "should handle empty array",
          "duration": 0.21060900000003357,
          "failureMessages": [],
          "meta": {}
        },
        {
          "ancestorTitles": ["reporter", "calculateCategoryStats"],
          "fullName": "reporter calculateCategoryStats should calculate stats by category",
          "status": "passed",
          "title": "should calculate stats by category",
          "duration": 0.6177159999999731,
          "failureMessages": [],
          "meta": {}
        },
        {
          "ancestorTitles": ["reporter", "categorizeWarning"],
          "fullName": "reporter categorizeWarning should categorize arbitrary value warnings",
          "status": "passed",
          "title": "should categorize arbitrary value warnings",
          "duration": 0.5337690000000066,
          "failureMessages": [],
          "meta": {}
        },
        {
          "ancestorTitles": ["reporter", "categorizeWarning"],
          "fullName": "reporter categorizeWarning should categorize no handler warnings",
          "status": "passed",
          "title": "should categorize no handler warnings",
          "duration": 0.7588499999999954,
          "failureMessages": [],
          "meta": {}
        },
        {
          "ancestorTitles": ["reporter", "categorizeWarning"],
          "fullName": "reporter categorizeWarning should categorize approximate warnings",
          "status": "passed",
          "title": "should categorize approximate warnings",
          "duration": 0.21916600000002973,
          "failureMessages": [],
          "meta": {}
        },
        {
          "ancestorTitles": ["reporter", "categorizeWarning"],
          "fullName": "reporter categorizeWarning should categorize token-miss warnings",
          "status": "passed",
          "title": "should categorize token-miss warnings",
          "duration": 0.21343999999999141,
          "failureMessages": [],
          "meta": {}
        },
        {
          "ancestorTitles": ["reporter", "categorizeWarning"],
          "fullName": "reporter categorizeWarning should categorize v3-fallback warnings",
          "status": "passed",
          "title": "should categorize v3-fallback warnings",
          "duration": 0.18303299999996625,
          "failureMessages": [],
          "meta": {}
        },
        {
          "ancestorTitles": ["reporter", "categorizeWarning"],
          "fullName": "reporter categorizeWarning should categorize other warnings",
          "status": "passed",
          "title": "should categorize other warnings",
          "duration": 0.3158220000000256,
          "failureMessages": [],
          "meta": {}
        },
        {
          "ancestorTitles": ["reporter", "summarize"],
          "fullName": "reporter summarize should generate a summary for a single result",
          "status": "passed",
          "title": "should generate a summary for a single result",
          "duration": 1.923689999999965,
          "failureMessages": [],
          "meta": {}
        },
        {
          "ancestorTitles": ["reporter", "summarize"],
          "fullName": "reporter summarize should combine multiple results",
          "status": "passed",
          "title": "should combine multiple results",
          "duration": 0.9380019999999831,
          "failureMessages": [],
          "meta": {}
        },
        {
          "ancestorTitles": ["reporter", "summarize"],
          "fullName": "reporter summarize should handle new warning categories (token-miss, v3-fallback)",
          "status": "passed",
          "title": "should handle new warning categories (token-miss, v3-fallback)",
          "duration": 1.7638880000000086,
          "failureMessages": [],
          "meta": {}
        },
        {
          "ancestorTitles": ["reporter", "summarize"],
          "fullName": "reporter summarize should extract sample classes and warnings",
          "status": "passed",
          "title": "should extract sample classes and warnings",
          "duration": 1.6814110000000255,
          "failureMessages": [],
          "meta": {}
        },
        {
          "ancestorTitles": ["reporter", "summarize"],
          "fullName": "reporter summarize should provide complete stats structure",
          "status": "passed",
          "title": "should provide complete stats structure",
          "duration": 1.1357639999999947,
          "failureMessages": [],
          "meta": {}
        },
        {
          "ancestorTitles": ["reporter", "compareResults"],
          "fullName": "reporter compareResults should compare strict and approximate results",
          "status": "passed",
          "title": "should compare strict and approximate results",
          "duration": 0.6479269999999815,
          "failureMessages": [],
          "meta": {}
        },
        {
          "ancestorTitles": ["reporter", "generateDiff"],
          "fullName": "reporter generateDiff should generate visual diff between CSS and Tailwind",
          "status": "passed",
          "title": "should generate visual diff between CSS and Tailwind",
          "duration": 0.5567050000000222,
          "failureMessages": [],
          "meta": {}
        },
        {
          "ancestorTitles": ["reporter", "generateDiff"],
          "fullName": "reporter generateDiff should handle different lengths",
          "status": "passed",
          "title": "should handle different lengths",
          "duration": 1.3317939999999453,
          "failureMessages": [],
          "meta": {}
        }
      ],
      "startTime": 1762294602204,
      "endTime": 1762294602225.3318,
      "status": "passed",
      "message": "",
      "name": "/home/ingmar/desenvolvimento/tailwind/css-windify/packages/core/src/core/reporter.test.ts"
    },
    {
      "assertionResults": [
        {
          "ancestorTitles": ["resolvers", "resolveNearestTokenPx"],
          "fullName": "resolvers resolveNearestTokenPx should find the nearest token by pixel value",
          "status": "passed",
          "title": "should find the nearest token by pixel value",
          "duration": 1.7661709999999857,
          "failureMessages": [],
          "meta": {}
        },
        {
          "ancestorTitles": ["resolvers", "resolveNearestTokenPx"],
          "fullName": "resolvers resolveNearestTokenPx should handle exact matches",
          "status": "passed",
          "title": "should handle exact matches",
          "duration": 0.443147999999951,
          "failureMessages": [],
          "meta": {}
        },
        {
          "ancestorTitles": ["resolvers", "resolveNearestTokenPx"],
          "fullName": "resolvers resolveNearestTokenPx should return null for invalid inputs",
          "status": "passed",
          "title": "should return null for invalid inputs",
          "duration": 0.2993629999999712,
          "failureMessages": [],
          "meta": {}
        },
        {
          "ancestorTitles": ["resolvers", "resolveSpacingToken"],
          "fullName": "resolvers resolveSpacingToken should find exact match in v3 theme",
          "status": "passed",
          "title": "should find exact match in v3 theme",
          "duration": 0.5863620000000083,
          "failureMessages": [],
          "meta": {}
        },
        {
          "ancestorTitles": ["resolvers", "resolveSpacingToken"],
          "fullName": "resolvers resolveSpacingToken should find exact match in v4 tokens",
          "status": "passed",
          "title": "should find exact match in v4 tokens",
          "duration": 0.2713850000000093,
          "failureMessages": [],
          "meta": {}
        },
        {
          "ancestorTitles": ["resolvers", "resolveSpacingToken"],
          "fullName": "resolvers resolveSpacingToken should find approximate match when enabled",
          "status": "passed",
          "title": "should find approximate match when enabled",
          "duration": 0.7644230000000221,
          "failureMessages": [],
          "meta": {}
        },
        {
          "ancestorTitles": ["resolvers", "resolveSpacingToken"],
          "fullName": "resolvers resolveSpacingToken should not find approximate match when disabled",
          "status": "passed",
          "title": "should not find approximate match when disabled",
          "duration": 0.2593280000000391,
          "failureMessages": [],
          "meta": {}
        },
        {
          "ancestorTitles": ["resolvers", "resolveSpacingToken"],
          "fullName": "resolvers resolveSpacingToken should emit token-miss warning in strict v4 mode",
          "status": "failed",
          "title": "should emit token-miss warning in strict v4 mode",
          "duration": 8.805106999999964,
          "failureMessages": [
            "AssertionError: the given combination of arguments (undefined and string) is invalid for this assertion. You can use an array, a map, an object, a set, a string, or a weakset instead of a string\n    at Proxy.<anonymous> (file:///home/ingmar/desenvolvimento/tailwind/css-windify/node_modules/.pnpm/@vitest+expect@4.0.7/node_modules/@vitest/expect/dist/index.js:1248:15)\n    at Proxy.<anonymous> (file:///home/ingmar/desenvolvimento/tailwind/css-windify/node_modules/.pnpm/@vitest+expect@4.0.7/node_modules/@vitest/expect/dist/index.js:1086:14)\n    at Proxy.methodWrapper (file:///home/ingmar/desenvolvimento/tailwind/css-windify/node_modules/.pnpm/chai@6.2.0/node_modules/chai/index.js:1701:25)\n    at /home/ingmar/desenvolvimento/tailwind/css-windify/packages/core/src/core/resolvers.test.ts:155:30\n    at file:///home/ingmar/desenvolvimento/tailwind/css-windify/node_modules/.pnpm/@vitest+runner@4.0.7/node_modules/@vitest/runner/dist/index.js:157:11\n    at file:///home/ingmar/desenvolvimento/tailwind/css-windify/node_modules/.pnpm/@vitest+runner@4.0.7/node_modules/@vitest/runner/dist/index.js:753:26\n    at file:///home/ingmar/desenvolvimento/tailwind/css-windify/node_modules/.pnpm/@vitest+runner@4.0.7/node_modules/@vitest/runner/dist/index.js:1636:20\n    at new Promise (<anonymous>)\n    at runWithTimeout (file:///home/ingmar/desenvolvimento/tailwind/css-windify/node_modules/.pnpm/@vitest+runner@4.0.7/node_modules/@vitest/runner/dist/index.js:1602:10)\n    at runTest (file:///home/ingmar/desenvolvimento/tailwind/css-windify/node_modules/.pnpm/@vitest+runner@4.0.7/node_modules/@vitest/runner/dist/index.js:1309:12)"
          ],
          "meta": {}
        },
        {
          "ancestorTitles": ["resolvers", "resolveSpacingToken"],
          "fullName": "resolvers resolveSpacingToken should emit v3-fallback warning when falling back to v3 theme",
          "status": "passed",
          "title": "should emit v3-fallback warning when falling back to v3 theme",
          "duration": 4.707583,
          "failureMessages": [],
          "meta": {}
        },
        {
          "ancestorTitles": ["resolvers", "resolveColorToken"],
          "fullName": "resolvers resolveColorToken should find exact match in v3 theme",
          "status": "passed",
          "title": "should find exact match in v3 theme",
          "duration": 0.8350060000000212,
          "failureMessages": [],
          "meta": {}
        },
        {
          "ancestorTitles": ["resolvers", "resolveColorToken"],
          "fullName": "resolvers resolveColorToken should find exact match in v4 tokens",
          "status": "passed",
          "title": "should find exact match in v4 tokens",
          "duration": 0.26210899999995263,
          "failureMessages": [],
          "meta": {}
        },
        {
          "ancestorTitles": ["resolvers", "resolveColorToken"],
          "fullName": "resolvers resolveColorToken should emit token-miss warning in strict v4 mode",
          "status": "passed",
          "title": "should emit token-miss warning in strict v4 mode",
          "duration": 0.27007800000001225,
          "failureMessages": [],
          "meta": {}
        },
        {
          "ancestorTitles": ["resolvers", "resolveColorToken"],
          "fullName": "resolvers resolveColorToken should emit v3-fallback warning when falling back to v3 theme",
          "status": "passed",
          "title": "should emit v3-fallback warning when falling back to v3 theme",
          "duration": 0.21764199999995526,
          "failureMessages": [],
          "meta": {}
        },
        {
          "ancestorTitles": ["resolvers", "resolveFontSizeToken"],
          "fullName": "resolvers resolveFontSizeToken should find exact match in v3 theme",
          "status": "passed",
          "title": "should find exact match in v3 theme",
          "duration": 0.5399869999999964,
          "failureMessages": [],
          "meta": {}
        },
        {
          "ancestorTitles": ["resolvers", "resolveFontSizeToken"],
          "fullName": "resolvers resolveFontSizeToken should find exact match in v4 tokens",
          "status": "passed",
          "title": "should find exact match in v4 tokens",
          "duration": 0.5633190000000354,
          "failureMessages": [],
          "meta": {}
        },
        {
          "ancestorTitles": ["resolvers", "resolveFontSizeToken"],
          "fullName": "resolvers resolveFontSizeToken should find approximate match when enabled",
          "status": "passed",
          "title": "should find approximate match when enabled",
          "duration": 1.3507060000000024,
          "failureMessages": [],
          "meta": {}
        },
        {
          "ancestorTitles": ["resolvers", "resolveFontSizeToken"],
          "fullName": "resolvers resolveFontSizeToken should not find approximate match when disabled",
          "status": "passed",
          "title": "should not find approximate match when disabled",
          "duration": 0.1307740000000308,
          "failureMessages": [],
          "meta": {}
        },
        {
          "ancestorTitles": ["resolvers", "resolveFontSizeToken"],
          "fullName": "resolvers resolveFontSizeToken should emit token-miss warning in strict v4 mode",
          "status": "passed",
          "title": "should emit token-miss warning in strict v4 mode",
          "duration": 0.2055819999999926,
          "failureMessages": [],
          "meta": {}
        },
        {
          "ancestorTitles": ["resolvers", "resolveFontSizeToken"],
          "fullName": "resolvers resolveFontSizeToken should emit v3-fallback warning when falling back to v3 theme",
          "status": "passed",
          "title": "should emit v3-fallback warning when falling back to v3 theme",
          "duration": 0.16816199999999526,
          "failureMessages": [],
          "meta": {}
        },
        {
          "ancestorTitles": ["resolvers", "resolveLineHeightToken"],
          "fullName": "resolvers resolveLineHeightToken should find exact match in v3 theme",
          "status": "passed",
          "title": "should find exact match in v3 theme",
          "duration": 0.3968470000000366,
          "failureMessages": [],
          "meta": {}
        },
        {
          "ancestorTitles": ["resolvers", "resolveLineHeightToken"],
          "fullName": "resolvers resolveLineHeightToken should find exact match in v4 tokens",
          "status": "passed",
          "title": "should find exact match in v4 tokens",
          "duration": 0.14310199999999895,
          "failureMessages": [],
          "meta": {}
        },
        {
          "ancestorTitles": ["resolvers", "resolveLineHeightToken"],
          "fullName": "resolvers resolveLineHeightToken should find approximate match when enabled",
          "status": "passed",
          "title": "should find approximate match when enabled",
          "duration": 0.2739300000000071,
          "failureMessages": [],
          "meta": {}
        },
        {
          "ancestorTitles": ["resolvers", "resolveLineHeightToken"],
          "fullName": "resolvers resolveLineHeightToken should not find approximate match when disabled",
          "status": "passed",
          "title": "should not find approximate match when disabled",
          "duration": 0.1816360000000259,
          "failureMessages": [],
          "meta": {}
        },
        {
          "ancestorTitles": ["resolvers", "resolveLineHeightToken"],
          "fullName": "resolvers resolveLineHeightToken should emit token-miss warning in strict v4 mode",
          "status": "passed",
          "title": "should emit token-miss warning in strict v4 mode",
          "duration": 0.30406600000003436,
          "failureMessages": [],
          "meta": {}
        },
        {
          "ancestorTitles": ["resolvers", "resolveLineHeightToken"],
          "fullName": "resolvers resolveLineHeightToken should emit v3-fallback warning when falling back to v3 theme",
          "status": "passed",
          "title": "should emit v3-fallback warning when falling back to v3 theme",
          "duration": 0.2577449999999999,
          "failureMessages": [],
          "meta": {}
        }
      ],
      "startTime": 1762294601606,
      "endTime": 1762294601631.304,
      "status": "failed",
      "message": "",
      "name": "/home/ingmar/desenvolvimento/tailwind/css-windify/packages/core/src/core/resolvers.test.ts"
    },
    {
      "assertionResults": [
        {
          "ancestorTitles": ["rulesEngine", "toTailwind"],
          "fullName": "rulesEngine toTailwind should convert display property to Tailwind class",
          "status": "passed",
          "title": "should convert display property to Tailwind class",
          "duration": 2.295521000000008,
          "failureMessages": [],
          "meta": {}
        },
        {
          "ancestorTitles": ["rulesEngine", "toTailwind"],
          "fullName": "rulesEngine toTailwind should convert color property to Tailwind class",
          "status": "passed",
          "title": "should convert color property to Tailwind class",
          "duration": 0.6105700000000525,
          "failureMessages": [],
          "meta": {}
        },
        {
          "ancestorTitles": ["rulesEngine", "toTailwind"],
          "fullName": "rulesEngine toTailwind should use arbitrary value for unknown colors",
          "status": "passed",
          "title": "should use arbitrary value for unknown colors",
          "duration": 0.5787040000000161,
          "failureMessages": [],
          "meta": {}
        },
        {
          "ancestorTitles": ["rulesEngine", "toTailwind"],
          "fullName": "rulesEngine toTailwind should handle font-weight values",
          "status": "passed",
          "title": "should handle font-weight values",
          "duration": 0.4614050000000134,
          "failureMessages": [],
          "meta": {}
        },
        {
          "ancestorTitles": ["rulesEngine", "toTailwind"],
          "fullName": "rulesEngine toTailwind should handle text-align values",
          "status": "passed",
          "title": "should handle text-align values",
          "duration": 0.3655860000000075,
          "failureMessages": [],
          "meta": {}
        },
        {
          "ancestorTitles": ["rulesEngine", "toTailwind"],
          "fullName": "rulesEngine toTailwind should handle object-fit values",
          "status": "passed",
          "title": "should handle object-fit values",
          "duration": 0.33659000000000106,
          "failureMessages": [],
          "meta": {}
        },
        {
          "ancestorTitles": ["rulesEngine", "toTailwind"],
          "fullName": "rulesEngine toTailwind should handle properties without direct handlers",
          "status": "passed",
          "title": "should handle properties without direct handlers",
          "duration": 0.3497190000000501,
          "failureMessages": [],
          "meta": {}
        },
        {
          "ancestorTitles": ["rulesEngine", "transformRule"],
          "fullName": "rulesEngine transformRule should transform a CSS rule with multiple declarations",
          "status": "passed",
          "title": "should transform a CSS rule with multiple declarations",
          "duration": 6.660834000000023,
          "failureMessages": [],
          "meta": {}
        },
        {
          "ancestorTitles": ["rulesEngine", "transformRule"],
          "fullName": "rulesEngine transformRule should deduplicate classes when transforming rules",
          "status": "passed",
          "title": "should deduplicate classes when transforming rules",
          "duration": 9.457903000000101,
          "failureMessages": [],
          "meta": {}
        },
        {
          "ancestorTitles": ["rulesEngine", "transformDeclarations"],
          "fullName": "rulesEngine transformDeclarations should transform multiple declarations and handle warnings",
          "status": "passed",
          "title": "should transform multiple declarations and handle warnings",
          "duration": 1.1460020000000668,
          "failureMessages": [],
          "meta": {}
        },
        {
          "ancestorTitles": ["rulesEngine", "transformDeclarations"],
          "fullName": "rulesEngine transformDeclarations should apply hover variant to declarations",
          "status": "passed",
          "title": "should apply hover variant to declarations",
          "duration": 0.7595029999999952,
          "failureMessages": [],
          "meta": {}
        },
        {
          "ancestorTitles": ["rulesEngine", "transformDeclarations"],
          "fullName": "rulesEngine transformDeclarations should apply responsive variants to declarations",
          "status": "passed",
          "title": "should apply responsive variants to declarations",
          "duration": 0.5434249999999565,
          "failureMessages": [],
          "meta": {}
        },
        {
          "ancestorTitles": ["rulesEngine", "transformDeclarations"],
          "fullName": "rulesEngine transformDeclarations should handle mixed variants and non-variants",
          "status": "passed",
          "title": "should handle mixed variants and non-variants",
          "duration": 0.4121430000000146,
          "failureMessages": [],
          "meta": {}
        }
      ],
      "startTime": 1762294601816,
      "endTime": 1762294601840.412,
      "status": "passed",
      "message": "",
      "name": "/home/ingmar/desenvolvimento/tailwind/css-windify/packages/core/src/core/rulesEngine.test.ts"
    },
    {
      "assertionResults": [
        {
          "ancestorTitles": ["themeLoader", "loadTheme"],
          "fullName": "themeLoader loadTheme should load theme from existing config file",
          "status": "passed",
          "title": "should load theme from existing config file",
          "duration": 14.083650000000034,
          "failureMessages": [],
          "meta": {}
        },
        {
          "ancestorTitles": ["themeLoader", "loadTheme"],
          "fullName": "themeLoader loadTheme should fall back to default theme if no config file exists",
          "status": "passed",
          "title": "should fall back to default theme if no config file exists",
          "duration": 1.8744050000000243,
          "failureMessages": [],
          "meta": {}
        },
        {
          "ancestorTitles": ["themeLoader", "loadTheme"],
          "fullName": "themeLoader loadTheme should fall back to default theme if config loading fails",
          "status": "passed",
          "title": "should fall back to default theme if config loading fails",
          "duration": 6.22812399999998,
          "failureMessages": [],
          "meta": {}
        },
        {
          "ancestorTitles": ["themeLoader", "resolveSpacingToken"],
          "fullName": "themeLoader resolveSpacingToken should resolve exact spacing matches",
          "status": "passed",
          "title": "should resolve exact spacing matches",
          "duration": 1.7609880000000544,
          "failureMessages": [],
          "meta": {}
        },
        {
          "ancestorTitles": ["themeLoader", "resolveSpacingToken"],
          "fullName": "themeLoader resolveSpacingToken should normalize values before matching",
          "status": "passed",
          "title": "should normalize values before matching",
          "duration": 1.2104929999999854,
          "failureMessages": [],
          "meta": {}
        },
        {
          "ancestorTitles": ["themeLoader", "resolveSpacingToken"],
          "fullName": "themeLoader resolveSpacingToken should return null token for unmatched values",
          "status": "passed",
          "title": "should return null token for unmatched values",
          "duration": 0.9261009999999601,
          "failureMessages": [],
          "meta": {}
        },
        {
          "ancestorTitles": ["themeLoader", "resolveSpacingToken"],
          "fullName": "themeLoader resolveSpacingToken should handle null or undefined inputs",
          "status": "passed",
          "title": "should handle null or undefined inputs",
          "duration": 2.0567069999999603,
          "failureMessages": [],
          "meta": {}
        },
        {
          "ancestorTitles": ["themeLoader", "resolveSpacingToken"],
          "fullName": "themeLoader resolveSpacingToken should support approximate matching",
          "status": "passed",
          "title": "should support approximate matching",
          "duration": 1.3849650000000224,
          "failureMessages": [],
          "meta": {}
        },
        {
          "ancestorTitles": ["themeLoader", "resolveSpacingToken"],
          "fullName": "themeLoader resolveSpacingToken should not approximate when difference is too large",
          "status": "passed",
          "title": "should not approximate when difference is too large",
          "duration": 1.9686829999999986,
          "failureMessages": [],
          "meta": {}
        },
        {
          "ancestorTitles": ["themeLoader", "resolveColorToken"],
          "fullName": "themeLoader resolveColorToken should resolve exact color matches",
          "status": "passed",
          "title": "should resolve exact color matches",
          "duration": 3.4202909999999633,
          "failureMessages": [],
          "meta": {}
        },
        {
          "ancestorTitles": ["themeLoader", "resolveColorToken"],
          "fullName": "themeLoader resolveColorToken should resolve nested color matches",
          "status": "passed",
          "title": "should resolve nested color matches",
          "duration": 0.6237080000000219,
          "failureMessages": [],
          "meta": {}
        },
        {
          "ancestorTitles": ["themeLoader", "resolveColorToken"],
          "fullName": "themeLoader resolveColorToken should normalize colors before matching",
          "status": "passed",
          "title": "should normalize colors before matching",
          "duration": 0.7577200000000062,
          "failureMessages": [],
          "meta": {}
        },
        {
          "ancestorTitles": ["themeLoader", "resolveColorToken"],
          "fullName": "themeLoader resolveColorToken should return type \"none\" for unmatched colors",
          "status": "passed",
          "title": "should return type \"none\" for unmatched colors",
          "duration": 2.05564099999998,
          "failureMessages": [],
          "meta": {}
        },
        {
          "ancestorTitles": ["themeLoader", "resolveColorToken"],
          "fullName": "themeLoader resolveColorToken should handle null or undefined inputs",
          "status": "passed",
          "title": "should handle null or undefined inputs",
          "duration": 0.8932529999999588,
          "failureMessages": [],
          "meta": {}
        },
        {
          "ancestorTitles": ["themeLoader", "resolveFontSizeToken"],
          "fullName": "themeLoader resolveFontSizeToken should resolve exact font size matches",
          "status": "passed",
          "title": "should resolve exact font size matches",
          "duration": 0.7303589999999645,
          "failureMessages": [],
          "meta": {}
        },
        {
          "ancestorTitles": ["themeLoader", "resolveFontSizeToken"],
          "fullName": "themeLoader resolveFontSizeToken should normalize values before matching",
          "status": "passed",
          "title": "should normalize values before matching",
          "duration": 1.1969310000000064,
          "failureMessages": [],
          "meta": {}
        },
        {
          "ancestorTitles": ["themeLoader", "resolveFontSizeToken"],
          "fullName": "themeLoader resolveFontSizeToken should return null token for unmatched values",
          "status": "passed",
          "title": "should return null token for unmatched values",
          "duration": 1.1608020000000465,
          "failureMessages": [],
          "meta": {}
        },
        {
          "ancestorTitles": ["themeLoader", "resolveFontSizeToken"],
          "fullName": "themeLoader resolveFontSizeToken should handle null or undefined inputs",
          "status": "passed",
          "title": "should handle null or undefined inputs",
          "duration": 0.5649840000000381,
          "failureMessages": [],
          "meta": {}
        },
        {
          "ancestorTitles": ["themeLoader", "resolveLineHeightToken"],
          "fullName": "themeLoader resolveLineHeightToken should resolve exact line height matches",
          "status": "passed",
          "title": "should resolve exact line height matches",
          "duration": 0.5554819999999836,
          "failureMessages": [],
          "meta": {}
        },
        {
          "ancestorTitles": ["themeLoader", "resolveLineHeightToken"],
          "fullName": "themeLoader resolveLineHeightToken should normalize values before matching",
          "status": "passed",
          "title": "should normalize values before matching",
          "duration": 1.1924230000000193,
          "failureMessages": [],
          "meta": {}
        },
        {
          "ancestorTitles": ["themeLoader", "resolveLineHeightToken"],
          "fullName": "themeLoader resolveLineHeightToken should return null token for unmatched values",
          "status": "passed",
          "title": "should return null token for unmatched values",
[...]
          "failureMessages": [
            "AssertionError: expected [ 'w-4' ] to deeply equal [ 'w-[15px]' ]\n    at /home/ingmar/desenvolvimento/tailwind/css-windify/packages/core/src/core/matchers/spacing.test.ts:231:30\n    at file:///home/ingmar/desenvolvimento/tailwind/css-windify/node_modules/.pnpm/@vitest+runner@4.0.7/node_modules/@vitest/runner/dist/index.js:157:11\n    at file:///home/ingmar/desenvolvimento/tailwind/css-windify/node_modules/.pnpm/@vitest+runner@4.0.7/node_modules/@vitest/runner/dist/index.js:753:26\n    at file:///home/ingmar/desenvolvimento/tailwind/css-windify/node_modules/.pnpm/@vitest+runner@4.0.7/node_modules/@vitest/runner/dist/index.js:1636:20\n    at new Promise (<anonymous>)\n    at runWithTimeout (file:///home/ingmar/desenvolvimento/tailwind/css-windify/node_modules/.pnpm/@vitest+runner@4.0.7/node_modules/@vitest/runner/dist/index.js:1602:10)\n    at runTest (file:///home/ingmar/desenvolvimento/tailwind/css-windify/node_modules/.pnpm/@vitest+runner@4.0.7/node_modules/@vitest/runner/dist/index.js:1309:12)\n    at processTicksAndRejections (node:internal/process/task_queues:95:5)\n    at runSuite (file:///home/ingmar/desenvolvimento/tailwind/css-windify/node_modules/.pnpm/@vitest+runner@4.0.7/node_modules/@vitest/runner/dist/index.js:1468:8)\n    at runSuite (file:///home/ingmar/desenvolvimento/tailwind/css-windify/node_modules/.pnpm/@vitest+runner@4.0.7/node_modules/@vitest/runner/dist/index.js:1468:8)"
          ],
          "meta": {}
        }
      ],
      "startTime": 1762294601617,
      "endTime": 1762294601648.141,
      "status": "failed",
      "message": "",
      "name": "/home/ingmar/desenvolvimento/tailwind/css-windify/packages/core/src/core/matchers/spacing.test.ts"
    },
    {
      "assertionResults": [
        {
          "ancestorTitles": ["transform matchers", "matchTranslate"],
          "fullName": "transform matchers matchTranslate should match predefined translate values",
          "status": "passed",
          "title": "should match predefined translate values",
          "duration": 1.247622000000007,
          "failureMessages": [],
          "meta": {}
        },
        {
          "ancestorTitles": ["transform matchers", "matchTranslate"],
          "fullName": "transform matchers matchTranslate should match percentage values",
          "status": "passed",
          "title": "should match percentage values",
          "duration": 0.22713499999997566,
          "failureMessages": [],
          "meta": {}
        },
        {
          "ancestorTitles": ["transform matchers", "matchTranslate"],
          "fullName": "transform matchers matchTranslate should handle negative values",
          "status": "passed",
          "title": "should handle negative values",
          "duration": 0.24306899999999132,
          "failureMessages": [],
          "meta": {}
        },
        {
          "ancestorTitles": ["transform matchers", "matchTranslate"],
          "fullName": "transform matchers matchTranslate should use arbitrary values for custom translate",
          "status": "passed",
          "title": "should use arbitrary values for custom translate",
          "duration": 0.16906000000000176,
          "failureMessages": [],
          "meta": {}
        },
        {
          "ancestorTitles": ["transform matchers", "matchTranslate"],
          "fullName": "transform matchers matchTranslate should handle two-value syntax",
          "status": "passed",
          "title": "should handle two-value syntax",
          "duration": 0.20916199999999208,
          "failureMessages": [],
          "meta": {}
        },
        {
          "ancestorTitles": ["transform matchers", "matchTranslate"],
          "fullName": "transform matchers matchTranslate should handle empty values",
          "status": "passed",
          "title": "should handle empty values",
          "duration": 0.0801309999999944,
          "failureMessages": [],
          "meta": {}
        },
        {
          "ancestorTitles": ["transform matchers", "matchScale"],
          "fullName": "transform matchers matchScale should match predefined scale values",
          "status": "passed",
          "title": "should match predefined scale values",
          "duration": 0.21864300000001435,
          "failureMessages": [],
          "meta": {}
        },
        {
          "ancestorTitles": ["transform matchers", "matchScale"],
          "fullName": "transform matchers matchScale should handle axis-specific scale",
          "status": "passed",
          "title": "should handle axis-specific scale",
          "duration": 0.1566710000000171,
          "failureMessages": [],
          "meta": {}
        },
        {
          "ancestorTitles": ["transform matchers", "matchScale"],
          "fullName": "transform matchers matchScale should use arbitrary values for custom scale",
          "status": "passed",
          "title": "should use arbitrary values for custom scale",
          "duration": 0.1700270000000046,
          "failureMessages": [],
          "meta": {}
        },
        {
          "ancestorTitles": ["transform matchers", "matchScale"],
          "fullName": "transform matchers matchScale should handle two-value syntax",
          "status": "passed",
          "title": "should handle two-value syntax",
          "duration": 0.2052810000000136,
          "failureMessages": [],
          "meta": {}
        },
        {
          "ancestorTitles": ["transform matchers", "matchScale"],
          "fullName": "transform matchers matchScale should handle empty values",
          "status": "passed",
          "title": "should handle empty values",
          "duration": 0.1093400000000031,
          "failureMessages": [],
          "meta": {}
        },
        {
          "ancestorTitles": ["transform matchers", "matchRotate"],
          "fullName": "transform matchers matchRotate should match predefined rotate values",
          "status": "passed",
          "title": "should match predefined rotate values",
          "duration": 0.21882600000000707,
          "failureMessages": [],
          "meta": {}
        },
        {
          "ancestorTitles": ["transform matchers", "matchRotate"],
          "fullName": "transform matchers matchRotate should handle negative rotation",
          "status": "passed",
          "title": "should handle negative rotation",
          "duration": 0.13877500000000964,
          "failureMessages": [],
          "meta": {}
        },
        {
          "ancestorTitles": ["transform matchers", "matchRotate"],
          "fullName": "transform matchers matchRotate should use arbitrary values for custom rotation",
          "status": "passed",
          "title": "should use arbitrary values for custom rotation",
          "duration": 0.28606600000000526,
          "failureMessages": [],
          "meta": {}
        },
        {
          "ancestorTitles": ["transform matchers", "matchRotate"],
          "fullName": "transform matchers matchRotate should handle empty values",
          "status": "passed",
          "title": "should handle empty values",
          "duration": 0.11678499999999303,
          "failureMessages": [],
          "meta": {}
        },
        {
          "ancestorTitles": ["transform matchers", "matchSkew"],
          "fullName": "transform matchers matchSkew should match predefined skew values",
          "status": "passed",
          "title": "should match predefined skew values",
          "duration": 0.22198099999999954,
          "failureMessages": [],
          "meta": {}
        },
        {
          "ancestorTitles": ["transform matchers", "matchSkew"],
          "fullName": "transform matchers matchSkew should handle negative skew",
          "status": "passed",
          "title": "should handle negative skew",
          "duration": 0.09802500000000691,
          "failureMessages": [],
          "meta": {}
        },
        {
          "ancestorTitles": ["transform matchers", "matchSkew"],
          "fullName": "transform matchers matchSkew should use arbitrary values for custom skew",
          "status": "passed",
          "title": "should use arbitrary values for custom skew",
          "duration": 0.08995400000000586,
          "failureMessages": [],
          "meta": {}
        },
        {
          "ancestorTitles": ["transform matchers", "matchSkew"],
          "fullName": "transform matchers matchSkew should handle two-value syntax",
          "status": "passed",
          "title": "should handle two-value syntax",
          "duration": 0.14224299999997925,
          "failureMessages": [],
          "meta": {}
        },
        {
          "ancestorTitles": ["transform matchers", "matchSkew"],
          "fullName": "transform matchers matchSkew should handle empty values",
          "status": "passed",
          "title": "should handle empty values",
          "duration": 0.17565799999999854,
          "failureMessages": [],
          "meta": {}
        },
        {
          "ancestorTitles": ["transform matchers", "matchTransform"],
          "fullName": "transform matchers matchTransform should handle transform: none",
          "status": "passed",
          "title": "should handle transform: none",
          "duration": 0.7573299999999961,
          "failureMessages": [],
          "meta": {}
        },
        {
          "ancestorTitles": ["transform matchers", "matchTransform"],
          "fullName": "transform matchers matchTransform should handle single translate function",
          "status": "passed",
          "title": "should handle single translate function",
          "duration": 1.1000820000000147,
          "failureMessages": [],
          "meta": {}
        },
        {
          "ancestorTitles": ["transform matchers", "matchTransform"],
          "fullName": "transform matchers matchTransform should handle single translateX function",
          "status": "passed",
          "title": "should handle single translateX function",
          "duration": 0.23722900000001346,
          "failureMessages": [],
          "meta": {}
        },
        {
          "ancestorTitles": ["transform matchers", "matchTransform"],
          "fullName": "transform matchers matchTransform should handle single translateY function",
          "status": "passed",
          "title": "should handle single translateY function",
          "duration": 0.1468500000000006,
          "failureMessages": [],
          "meta": {}
        },
        {
          "ancestorTitles": ["transform matchers", "matchTransform"],
          "fullName": "transform matchers matchTransform should handle single scale function",
          "status": "passed",
          "title": "should handle single scale function",
          "duration": 0.11698100000000977,
          "failureMessages": [],
          "meta": {}
        },
        {
          "ancestorTitles": ["transform matchers", "matchTransform"],
          "fullName": "transform matchers matchTransform should handle scale with two values",
          "status": "passed",
          "title": "should handle scale with two values",
          "duration": 0.1935190000000091,
          "failureMessages": [],
          "meta": {}
        },
        {
          "ancestorTitles": ["transform matchers", "matchTransform"],
          "fullName": "transform matchers matchTransform should handle single rotate function",
          "status": "passed",
          "title": "should handle single rotate function",
          "duration": 0.11816099999998642,
          "failureMessages": [],
          "meta": {}
        },
        {
          "ancestorTitles": ["transform matchers", "matchTransform"],
          "fullName": "transform matchers matchTransform should handle single skew function",
          "status": "passed",
          "title": "should handle single skew function",
          "duration": 0.19966700000000515,
          "failureMessages": [],
          "meta": {}
        },
        {
          "ancestorTitles": ["transform matchers", "matchTransform"],
          "fullName": "transform matchers matchTransform should handle skewX function",
          "status": "passed",
          "title": "should handle skewX function",
          "duration": 0.21959599999999568,
          "failureMessages": [],
          "meta": {}
        },
        {
          "ancestorTitles": ["transform matchers", "matchTransform"],
          "fullName": "transform matchers matchTransform should handle skewY function",
          "status": "passed",
          "title": "should handle skewY function",
          "duration": 0.2696679999999958,
          "failureMessages": [],
          "meta": {}
        },
        {
          "ancestorTitles": ["transform matchers", "matchTransform"],
          "fullName": "transform matchers matchTransform should handle multiple transform functions",
          "status": "passed",
          "title": "should handle multiple transform functions",
          "duration": 0.725594000000001,
          "failureMessages": [],
          "meta": {}
        },
        {
          "ancestorTitles": ["transform matchers", "matchTransform"],
          "fullName": "transform matchers matchTransform should handle complex transform chain",
          "status": "passed",
          "title": "should handle complex transform chain",
          "duration": 0.4170079999999814,
          "failureMessages": [],
          "meta": {}
        },
        {
          "ancestorTitles": ["transform matchers", "matchTransform"],
          "fullName": "transform matchers matchTransform should handle unparseable transform",
          "status": "passed",
          "title": "should handle unparseable transform",
          "duration": 0.19836100000000556,
          "failureMessages": [],
          "meta": {}
        },
        {
          "ancestorTitles": ["transform matchers", "matchTransform"],
          "fullName": "transform matchers matchTransform should handle empty transform",
          "status": "passed",
          "title": "should handle empty transform",
          "duration": 0.10384400000000937,
          "failureMessages": [],
          "meta": {}
        },
        {
          "ancestorTitles": ["transform matchers", "matchTransform"],
          "fullName": "transform matchers matchTransform should normalize whitespace",
          "status": "passed",
          "title": "should normalize whitespace",
          "duration": 0.25726899999997954,
          "failureMessages": [],
          "meta": {}
        }
      ],
      "startTime": 1762294601838,
      "endTime": 1762294601848.2573,
      "status": "passed",
      "message": "",
      "name": "/home/ingmar/desenvolvimento/tailwind/css-windify/packages/core/src/core/matchers/transforms.test.ts"
    },
    {
      "assertionResults": [
        {
          "ancestorTitles": ["typography matcher", "font-size"],
          "fullName": "typography matcher font-size should match font-size values from theme",
          "status": "passed",
          "title": "should match font-size values from theme",
          "duration": 2.0679440000000113,
          "failureMessages": [],
          "meta": {}
        },
        {
          "ancestorTitles": ["typography matcher", "font-size"],
          "fullName": "typography matcher font-size should use arbitrary values for non-theme font-size values",
          "status": "passed",
          "title": "should use arbitrary values for non-theme font-size values",
          "duration": 0.2634129999999857,
          "failureMessages": [],
          "meta": {}
        },
        {
          "ancestorTitles": ["typography matcher", "font-size"],
          "fullName": "typography matcher font-size should handle empty or invalid font-size values",
          "status": "passed",
          "title": "should handle empty or invalid font-size values",
          "duration": 0.14919199999999933,
          "failureMessages": [],
          "meta": {}
        },
        {
          "ancestorTitles": ["typography matcher", "line-height"],
          "fullName": "typography matcher line-height should match line-height values from theme",
          "status": "passed",
          "title": "should match line-height values from theme",
          "duration": 0.34840800000000627,
          "failureMessages": [],
          "meta": {}
        },
        {
          "ancestorTitles": ["typography matcher", "line-height"],
          "fullName": "typography matcher line-height should use arbitrary values for non-theme line-height values",
          "status": "passed",
          "title": "should use arbitrary values for non-theme line-height values",
          "duration": 0.14355000000000473,
          "failureMessages": [],
          "meta": {}
        },
        {
          "ancestorTitles": ["typography matcher", "line-height"],
          "fullName": "typography matcher line-height should handle empty or invalid line-height values",
          "status": "passed",
          "title": "should handle empty or invalid line-height values",
          "duration": 0.1505470000000173,
          "failureMessages": [],
          "meta": {}
        },
        {
          "ancestorTitles": ["typography matcher", "letter-spacing"],
          "fullName": "typography matcher letter-spacing should match predefined letter-spacing values",
          "status": "passed",
          "title": "should match predefined letter-spacing values",
          "duration": 0.22198499999998944,
          "failureMessages": [],
          "meta": {}
        },
        {
          "ancestorTitles": ["typography matcher", "letter-spacing"],
          "fullName": "typography matcher letter-spacing should use arbitrary values for non-predefined letter-spacing values",
          "status": "passed",
          "title": "should use arbitrary values for non-predefined letter-spacing values",
          "duration": 0.11622199999999339,
          "failureMessages": [],
          "meta": {}
        },
        {
          "ancestorTitles": ["typography matcher", "letter-spacing"],
          "fullName": "typography matcher letter-spacing should handle empty or invalid letter-spacing values",
          "status": "passed",
          "title": "should handle empty or invalid letter-spacing values",
          "duration": 0.15481700000000842,
          "failureMessages": [],
          "meta": {}
        },
        {
          "ancestorTitles": ["typography matcher", "invalid property"],
          "fullName": "typography matcher invalid property should return empty string for invalid typography property",
          "status": "passed",
          "title": "should return empty string for invalid typography property",
          "duration": 0.13972400000000107,
          "failureMessages": [],
          "meta": {}
        },
        {
          "ancestorTitles": ["typography matcher", "approximate matching"],
          "fullName": "typography matcher approximate matching should approximate font-size values when approximate is enabled",
          "status": "passed",
          "title": "should approximate font-size values when approximate is enabled",
          "duration": 0.45047800000000393,
          "failureMessages": [],
          "meta": {}
        },
        {
          "ancestorTitles": ["typography matcher", "approximate matching"],
          "fullName": "typography matcher approximate matching should not approximate when strict mode is enabled",
          "status": "passed",
          "title": "should not approximate when strict mode is enabled",
          "duration": 0.2256670000000156,
          "failureMessages": [],
          "meta": {}
        }
      ],
      "startTime": 1762294602292,
      "endTime": 1762294602296.4504,
      "status": "passed",
      "message": "",
      "name": "/home/ingmar/desenvolvimento/tailwind/css-windify/packages/core/src/core/matchers/typography.test.ts"
    }
  ]
}
